2017-10-30T19:13:16+00:00 INFO Queuing 2.5.0 - wc_update_250_currency
2017-10-30T19:13:16+00:00 INFO Queuing 2.5.0 - wc_update_250_db_version
2017-10-30T19:13:16+00:00 INFO Queuing 2.6.0 - wc_update_260_options
2017-10-30T19:13:16+00:00 INFO Queuing 2.6.0 - wc_update_260_termmeta
2017-10-30T19:13:16+00:00 INFO Queuing 2.6.0 - wc_update_260_zones
2017-10-30T19:13:16+00:00 INFO Queuing 2.6.0 - wc_update_260_zone_methods
2017-10-30T19:13:16+00:00 INFO Queuing 2.6.0 - wc_update_260_refunds
2017-10-30T19:13:16+00:00 INFO Queuing 2.6.0 - wc_update_260_db_version
2017-10-30T19:13:16+00:00 INFO Queuing 3.0.0 - wc_update_300_webhooks
2017-10-30T19:13:16+00:00 INFO Queuing 3.0.0 - wc_update_300_grouped_products
2017-10-30T19:13:16+00:00 INFO Queuing 3.0.0 - wc_update_300_settings
2017-10-30T19:13:16+00:00 INFO Queuing 3.0.0 - wc_update_300_product_visibility
2017-10-30T19:13:16+00:00 INFO Queuing 3.0.0 - wc_update_300_db_version
2017-10-30T19:13:16+00:00 INFO Queuing 3.1.0 - wc_update_310_downloadable_products
2017-10-30T19:13:16+00:00 INFO Queuing 3.1.0 - wc_update_310_old_comments
2017-10-30T19:13:16+00:00 INFO Queuing 3.1.0 - wc_update_310_db_version
2017-10-30T19:13:16+00:00 INFO Queuing 3.1.2 - wc_update_312_shop_manager_capabilities
2017-10-30T19:13:16+00:00 INFO Queuing 3.1.2 - wc_update_312_db_version
2017-10-30T19:13:16+00:00 INFO Queuing 3.2.0 - wc_update_320_mexican_states
2017-10-30T19:13:16+00:00 INFO Queuing 3.2.0 - wc_update_320_db_version
2017-10-30T19:13:17+00:00 INFO Running wc_update_250_currency callback
2017-10-30T19:13:17+00:00 INFO Finished wc_update_250_currency callback
2017-10-30T19:13:17+00:00 INFO Running wc_update_250_db_version callback
2017-10-30T19:13:17+00:00 INFO Finished wc_update_250_db_version callback
2017-10-30T19:13:17+00:00 INFO Running wc_update_260_options callback
2017-10-30T19:13:17+00:00 INFO Finished wc_update_260_options callback
2017-10-30T19:13:17+00:00 INFO Running wc_update_260_termmeta callback
2017-10-30T19:13:17+00:00 INFO Finished wc_update_260_termmeta callback
2017-10-30T19:13:17+00:00 INFO Running wc_update_260_zones callback
2017-10-30T19:13:17+00:00 INFO Finished wc_update_260_zones callback
2017-10-30T19:13:17+00:00 INFO Running wc_update_260_zone_methods callback
2017-10-30T19:13:17+00:00 INFO Finished wc_update_260_zone_methods callback
2017-10-30T19:13:17+00:00 INFO Running wc_update_260_refunds callback
2017-10-30T19:13:17+00:00 INFO Finished wc_update_260_refunds callback
2017-10-30T19:13:17+00:00 INFO Running wc_update_260_db_version callback
2017-10-30T19:13:17+00:00 INFO Finished wc_update_260_db_version callback
2017-10-30T19:13:17+00:00 INFO Running wc_update_300_webhooks callback
2017-10-30T19:13:17+00:00 INFO Finished wc_update_300_webhooks callback
2017-10-30T19:13:17+00:00 INFO Running wc_update_300_grouped_products callback
2017-10-30T19:13:17+00:00 INFO Finished wc_update_300_grouped_products callback
2017-10-30T19:13:17+00:00 INFO Running wc_update_300_settings callback
2017-10-30T19:13:17+00:00 INFO Finished wc_update_300_settings callback
2017-10-30T19:13:17+00:00 INFO Running wc_update_300_product_visibility callback
2017-10-30T19:13:17+00:00 INFO Finished wc_update_300_product_visibility callback
2017-10-30T19:13:17+00:00 INFO Running wc_update_300_db_version callback
2017-10-30T19:13:17+00:00 INFO Finished wc_update_300_db_version callback
2017-10-30T19:13:17+00:00 INFO Running wc_update_310_downloadable_products callback
2017-10-30T19:13:17+00:00 INFO Finished wc_update_310_downloadable_products callback
2017-10-30T19:13:17+00:00 INFO Running wc_update_310_old_comments callback
2017-10-30T19:13:17+00:00 INFO Finished wc_update_310_old_comments callback
2017-10-30T19:13:17+00:00 INFO Running wc_update_310_db_version callback
2017-10-30T19:13:17+00:00 INFO Finished wc_update_310_db_version callback
2017-10-30T19:13:17+00:00 INFO Running wc_update_312_shop_manager_capabilities callback
2017-10-30T19:13:17+00:00 INFO Finished wc_update_312_shop_manager_capabilities callback
2017-10-30T19:13:17+00:00 INFO Running wc_update_312_db_version callback
2017-10-30T19:13:17+00:00 INFO Finished wc_update_312_db_version callback
2017-10-30T19:13:17+00:00 INFO Running wc_update_320_mexican_states callback
2017-10-30T19:13:17+00:00 INFO Finished wc_update_320_mexican_states callback
2017-10-30T19:13:17+00:00 INFO Running wc_update_320_db_version callback
2017-10-30T19:13:17+00:00 INFO Finished wc_update_320_db_version callback
2017-10-30T19:13:17+00:00 INFO Data update complete
